\BOOKMARK [1][-]{section*.1}{Contents}{}% 1
\BOOKMARK [1][-]{section.1}{Package src}{}% 2
\BOOKMARK [2][-]{subsection.1.1}{Modules}{section.1}% 3
\BOOKMARK [2][-]{subsection.1.2}{Variables}{section.1}% 4
\BOOKMARK [1][-]{section.2}{Module src.camera}{}% 5
\BOOKMARK [2][-]{subsection.2.1}{Variables}{section.2}% 6
\BOOKMARK [2][-]{subsection.2.2}{Class Camera}{section.2}% 7
\BOOKMARK [3][-]{subsubsection.2.2.1}{Methods}{subsection.2.2}% 8
\BOOKMARK [1][-]{section.3}{Module src.cameras}{}% 9
\BOOKMARK [2][-]{subsection.3.1}{Variables}{section.3}% 10
\BOOKMARK [2][-]{subsection.3.2}{Class Cameras}{section.3}% 11
\BOOKMARK [3][-]{subsubsection.3.2.1}{Methods}{subsection.3.2}% 12
\BOOKMARK [1][-]{section.4}{Module src.check\137goban\137moved}{}% 13
\BOOKMARK [2][-]{subsection.4.1}{Functions}{section.4}% 14
\BOOKMARK [2][-]{subsection.4.2}{Variables}{section.4}% 15
\BOOKMARK [1][-]{section.5}{Module src.cte}{}% 16
\BOOKMARK [2][-]{subsection.5.1}{Variables}{section.5}% 17
\BOOKMARK [1][-]{section.6}{Module src.functions}{}% 18
\BOOKMARK [2][-]{subsection.6.1}{Functions}{section.6}% 19
\BOOKMARK [2][-]{subsection.6.2}{Variables}{section.6}% 20
\BOOKMARK [1][-]{section.7}{Module src.goban}{}% 21
\BOOKMARK [2][-]{subsection.7.1}{Variables}{section.7}% 22
\BOOKMARK [2][-]{subsection.7.2}{Class Goban}{section.7}% 23
\BOOKMARK [3][-]{subsubsection.7.2.1}{Methods}{subsection.7.2}% 24
\BOOKMARK [1][-]{section.8}{Module src.igs}{}% 25
\BOOKMARK [2][-]{subsection.8.1}{Variables}{section.8}% 26
\BOOKMARK [2][-]{subsection.8.2}{Class Igs}{section.8}% 27
\BOOKMARK [3][-]{subsubsection.8.2.1}{Methods}{subsection.8.2}% 28
\BOOKMARK [1][-]{section.9}{Module src.kifu}{}% 29
\BOOKMARK [2][-]{subsection.9.1}{Variables}{section.9}% 30
\BOOKMARK [2][-]{subsection.9.2}{Class Kifu}{section.9}% 31
\BOOKMARK [3][-]{subsubsection.9.2.1}{Methods}{subsection.9.2}% 32
\BOOKMARK [1][-]{section.10}{Module src.perspective}{}% 33
\BOOKMARK [2][-]{subsection.10.1}{Functions}{section.10}% 34
\BOOKMARK [2][-]{subsection.10.2}{Variables}{section.10}% 35
\BOOKMARK [1][-]{section.11}{Module src.rocamgo}{}% 36
\BOOKMARK [2][-]{subsection.11.1}{Functions}{section.11}% 37
\BOOKMARK [2][-]{subsection.11.2}{Variables}{section.11}% 38
\BOOKMARK [1][-]{section.12}{Module src.search\137goban}{}% 39
\BOOKMARK [2][-]{subsection.12.1}{Functions}{section.12}% 40
\BOOKMARK [2][-]{subsection.12.2}{Variables}{section.12}% 41
\BOOKMARK [1][-]{section.13}{Module src.search\137stones}{}% 42
\BOOKMARK [2][-]{subsection.13.1}{Functions}{section.13}% 43
\BOOKMARK [2][-]{subsection.13.2}{Variables}{section.13}% 44
\BOOKMARK [1][-]{section.14}{Module src.stone}{}% 45
\BOOKMARK [2][-]{subsection.14.1}{Variables}{section.14}% 46
\BOOKMARK [2][-]{subsection.14.2}{Class Stone}{section.14}% 47
\BOOKMARK [3][-]{subsubsection.14.2.1}{Methods}{subsection.14.2}% 48
\BOOKMARK [1][-]{section*.2}{Index}{}% 49
